<?xml version="1.0" encoding="UTF-8"?>
<!-- Generated by org.testng.reporters.JUnitXMLReporter -->
<testsuite hostname="DESKTOP-2Q44BFK" ignored="0" name="Test" tests="1" failures="1" timestamp="20 Oct 2021 14:19:20 GMT" time="17.651" errors="0">
  <testcase name="feature" time="16.551" classname="runners.ExecuteRunner">
    <failure type="java.lang.NullPointerException">
      <![CDATA[java.lang.NullPointerException
	at com.samplebdd.BCFerries_Web.HomePage_Web.isHomePageDisplayed(HomePage_Web.java:48)
	at stepDefinition.BackGround_Steps.isAppLoginSuccessful(BackGround_Steps.java:121)
	at ✽.Verify if the User is on HomePage(./Features/Feature1_Unauthenticated_User.feature:5)
]]>
    </failure>
  </testcase> <!-- feature -->
</testsuite> <!-- Test -->
